Using pre-set license
Built from '2020.3/staging' branch; Version is '2020.3.9f1 (108be757e447) revision 1084391'; Using compiler version '192528614'; Build Type 'Release'
OS: 'Windows 10 Home Single Language; OS build 19042.985; Version 2009; 64bit' Language: 'en' Physical Memory: 3965 MB
BatchMode: 1, IsHumanControllingUs: 0, StartBugReporterOnCrash: 0, Is64bit: 1, IsPro: 0

 COMMAND LINE ARGUMENTS:
C:\Program Files\Unity\Hub\Editor\2020.3.9f1\Editor\Unity.exe
-adb2
-batchMode
-noUpm
-name
AssetImportWorker0
-projectPath
D:/Spandan/Study/Semester 2/WEBGAME/Group Assignment/Web_Game_Group_Project/Web_Game_Group
-logFile
Logs/AssetImportWorker0.log
-srvPort
58171
Successfully changed project path to: D:/Spandan/Study/Semester 2/WEBGAME/Group Assignment/Web_Game_Group_Project/Web_Game_Group
D:/Spandan/Study/Semester 2/WEBGAME/Group Assignment/Web_Game_Group_Project/Web_Game_Group
Using Asset Import Pipeline V2.
