Using pre-set license
Built from '2020.3/staging' branch; Version is '2020.3.9f1 (108be757e447) revision 1084391'; Using compiler version '192528614'; Build Type 'Release'
OS: 'Windows 10 Home Single Language; OS build 19042.985; Version 2009; 64bit' Language: 'en' Physical Memory: 3965 MB
BatchMode: 1, IsHumanControllingUs: 0, StartBugReporterOnCrash: 0, Is64bit: 1, IsPro: 0

 COMMAND LINE ARGUMENTS:
C:\Program Files\Unity\Hub\Editor\2020.3.9f1\Editor\Unity.exe
-adb2
-batchMode
-noUpm
-name
AssetImportWorker6
-projectPath
D:/Spandan/Study/Semester 2/WEBGAME/Group Assignment/Web_Game_Group_Project/Web_Game_Group
-logFile
Logs/AssetImportWorker6.log
-srvPort
63178
Successfully changed project path to: D:/Spandan/Study/Semester 2/WEBGAME/Group Assignment/Web_Game_Group_Project/Web_Game_Group
D:/Spandan/Study/Semester 2/WEBGAME/Group Assignment/Web_Game_Group_Project/Web_Game_Group
Using Asset Import Pipeline V2.
Refreshing native plugins compatible for Editor in 63.80 ms, found 0 plugins.
Preloading 0 native plugins for Editor in 0.00 ms.
Initialize engine version: 2020.3.9f1 (108be757e447)
[Subsystems] Discovering subsystems at path C:/Program Files/Unity/Hub/Editor/2020.3.9f1/Editor/Data/Resources/UnitySubsystems
[Subsystems] Discovering subsystems at path D:/Spandan/Study/Semester 2/WEBGAME/Group Assignment/Web_Game_Group_Project/Web_Game_Group/Assets
GfxDevice: creating device client; threaded=0
Direct3D:
    Version:  Direct3D 11.0 [level 11.1]
    Renderer: AMD Radeon HD 8500M (ID=0x666f)
    Vendor:   
    VRAM:     2039 MB
    Driver:   27.20.21003.1028
Initialize mono
Mono path[0] = 'C:/Program Files/Unity/Hub/Editor/2020.3.9f1/Editor/Data/Managed'
Mono path[1] = 'C:/Program Files/Unity/Hub/Editor/2020.3.9f1/Editor/Data/MonoBleedingEdge/lib/mono/unityjit'
Mono config path = 'C:/Program Files/Unity/Hub/Editor/2020.3.9f1/Editor/Data/MonoBleedingEdge/etc'
Using monoOptions --debugger-agent=transport=dt_socket,embedding=1,server=y,suspend=n,address=127.0.0.1:56772
Begin MonoManager ReloadAssembly
Registering precompiled unity dll's ...
Register platform support module: C:/Program Files/Unity/Hub/Editor/2020.3.9f1/Editor/Data/PlaybackEngines/WebGLSupport/UnityEditor.WebGL.Extensions.dll
Register platform support module: C:/Program Files/Unity/Hub/Editor/2020.3.9f1/Editor/Data/PlaybackEngines/WindowsStandaloneSupport/UnityEditor.WindowsStandalone.Extensions.dll
Registered in 0.006700 seconds.
Native extension for WindowsStandalone target not found
Native extension for WebGL target not found
Refreshing native plugins compatible for Editor in 50.16 ms, found 0 plugins.
Preloading 0 native plugins for Editor in 0.00 ms.
Mono: successfully reloaded assembly
- Completed reload, in  6.553 seconds
Platform modules already initialized, skipping
Registering precompiled user dll's ...
Registered in 0.002756 seconds.
Begin MonoManager ReloadAssembly
Native extension for WindowsStandalone target not found
Native extension for WebGL target not found
Refreshing native plugins compatible for Editor in 0.43 ms, found 0 plugins.
Preloading 0 native plugins for Editor in 0.00 ms.
Mono: successfully reloaded assembly
- Completed reload, in  4.519 seconds
Platform modules already initialized, skipping
========================================================================
Worker process is ready to serve import requests
Launched and connected shader compiler UnityShaderCompiler.exe after 2.27 seconds
Refreshing native plugins compatible for Editor in 1.18 ms, found 0 plugins.
Preloading 0 native plugins for Editor in 0.00 ms.
Unloading 1117 Unused Serialized files (Serialized files now loaded: 0)
System memory in use before: 57.6 MB.
System memory in use after: 57.7 MB.

Unloading 10 unused Assets to reduce memory usage. Loaded Objects now: 1560.
Total: 21.753400 ms (FindLiveObjects: 0.543800 ms CreateObjectMapping: 0.144000 ms MarkObjects: 20.561500 ms  DeleteObjects: 0.499200 ms)

========================================================================
Received Import Request.
  path: Assets/Smit
  artifactKey: Guid(4854653ddabb8504998747e5a27af2b6) Importer(815301076,1909f56bfc062723c751e8b465ee728b)
Start importing Assets/Smit using Guid(4854653ddabb8504998747e5a27af2b6) Importer(815301076,1909f56bfc062723c751e8b465ee728b)  -> (artifact id: '8a6bf87af30c3af680be5e0074df7583') in 0.124216 seconds
  Import took 0.242735 seconds .

========================================================================
Received Import Request.
  Time since last request: 0.001590 seconds.
  path: Assets/Vamsi
  artifactKey: Guid(c1b63a898435bbc438ddba8ad0e5c5fc) Importer(815301076,1909f56bfc062723c751e8b465ee728b)
Start importing Assets/Vamsi using Guid(c1b63a898435bbc438ddba8ad0e5c5fc) Importer(815301076,1909f56bfc062723c751e8b465ee728b)  -> (artifact id: 'bf91a8f0f450dc0804559b36e09c9b6d') in 0.044736 seconds
  Import took 0.109150 seconds .

========================================================================
Received Import Request.
  Time since last request: 98.154184 seconds.
  path: Assets/Vamsi/MazeTex001.png
  artifactKey: Guid(e6d47bf14f4d8df48b1012099668c0c7) Importer(815301076,1909f56bfc062723c751e8b465ee728b)
Start importing Assets/Vamsi/MazeTex001.png using Guid(e6d47bf14f4d8df48b1012099668c0c7) Importer(815301076,1909f56bfc062723c751e8b465ee728b)  -> (artifact id: 'f38fa7f6f58325b767dc9b5675799183') in 1.819268 seconds
  Import took 1.836726 seconds .

========================================================================
Received Import Request.
  Time since last request: 0.000343 seconds.
  path: Assets/Vamsi/mazewall_v2.fbx
  artifactKey: Guid(545596403ba495349a116f396df49ed0) Importer(815301076,1909f56bfc062723c751e8b465ee728b)
Start importing Assets/Vamsi/mazewall_v2.fbx using Guid(545596403ba495349a116f396df49ed0) Importer(815301076,1909f56bfc062723c751e8b465ee728b)  -> (artifact id: '6e1eafe58542b5181edaba5b9f04b0c1') in 2.661349 seconds
  Import took 2.667702 seconds .

========================================================================
Received Import Request.
  Time since last request: 0.000872 seconds.
  path: Assets/Vamsi/MazeTex002.png
  artifactKey: Guid(58a4912b568f3c1418273a6a38b4d576) Importer(815301076,1909f56bfc062723c751e8b465ee728b)
Start importing Assets/Vamsi/MazeTex002.png using Guid(58a4912b568f3c1418273a6a38b4d576) Importer(815301076,1909f56bfc062723c751e8b465ee728b)  -> (artifact id: '8a6b836396a6c5f069ea77eb926b2975') in 0.124469 seconds
  Import took 0.131667 seconds .

========================================================================
Received Import Request.
  Time since last request: 0.001033 seconds.
  path: Assets/Vamsi/mazewall_v1.fbx
  artifactKey: Guid(85dca5399d54bac4a831e3801aafd0a7) Importer(815301076,1909f56bfc062723c751e8b465ee728b)
Start importing Assets/Vamsi/mazewall_v1.fbx using Guid(85dca5399d54bac4a831e3801aafd0a7) Importer(815301076,1909f56bfc062723c751e8b465ee728b)  -> (artifact id: '3f370308cf87e96ad5cbc9b5c79cd366') in 0.260858 seconds
  Import took 0.291798 seconds .

========================================================================
Received Import Request.
  Time since last request: 0.001287 seconds.
  path: Assets/Vamsi/mazewall_v1.blend
  artifactKey: Guid(f089c5ce549ef094a956f560390ede08) Importer(815301076,1909f56bfc062723c751e8b465ee728b)
Start importing Assets/Vamsi/mazewall_v1.blend using Guid(f089c5ce549ef094a956f560390ede08) Importer(815301076,1909f56bfc062723c751e8b465ee728b)  -> (artifact id: '01a09f346e806a9e10a256c280e62dad') in 0.426456 seconds
  Import took 0.451176 seconds .

========================================================================
Received Import Request.
  Time since last request: 367.359839 seconds.
  path: Assets/Spandan/Materials/Ground.mat
  artifactKey: Guid(e33188e2bbcf0334f84d7a34db8e99d0) Importer(815301076,1909f56bfc062723c751e8b465ee728b)
Start importing Assets/Spandan/Materials/Ground.mat using Guid(e33188e2bbcf0334f84d7a34db8e99d0) Importer(815301076,1909f56bfc062723c751e8b465ee728b)  -> (artifact id: 'c6d471ce7badc27f201d792ca4b31f86') in 0.233974 seconds
  Import took 0.262513 seconds .

========================================================================
Received Import Request.
  Time since last request: 0.000732 seconds.
  path: Assets/Spandan/Materials/Specs.mat
  artifactKey: Guid(b37450e05674c6845a8d1218a1ee573f) Importer(815301076,1909f56bfc062723c751e8b465ee728b)
Start importing Assets/Spandan/Materials/Specs.mat using Guid(b37450e05674c6845a8d1218a1ee573f) Importer(815301076,1909f56bfc062723c751e8b465ee728b)  -> (artifact id: 'ca5b51ad5d893838f8be624d3c393e26') in 0.055463 seconds
  Import took 0.061849 seconds .

========================================================================
Received Import Request.
  Time since last request: 0.005560 seconds.
  path: Assets/Spandan/Materials/Specs.mat
  artifactKey: Guid(b37450e05674c6845a8d1218a1ee573f) Importer(815301076,1909f56bfc062723c751e8b465ee728b)
Start importing Assets/Spandan/Materials/Specs.mat using Guid(b37450e05674c6845a8d1218a1ee573f) Importer(815301076,1909f56bfc062723c751e8b465ee728b)  -> (artifact id: 'ca5b51ad5d893838f8be624d3c393e26') in 0.038715 seconds
  Import took 0.068816 seconds .

========================================================================
Received Import Request.
  Time since last request: 0.579857 seconds.
  path: Assets/Spandan/Materials
  artifactKey: Guid(f8584baf6ffae2e44a04a5af94b41a70) Importer(815301076,1909f56bfc062723c751e8b465ee728b)
Start importing Assets/Spandan/Materials using Guid(f8584baf6ffae2e44a04a5af94b41a70) Importer(815301076,1909f56bfc062723c751e8b465ee728b)  -> (artifact id: '740f6b9677168a2e526369cd6eb80bd4') in 0.006358 seconds
  Import took 0.069607 seconds .

========================================================================
Received Prepare
Registering precompiled user dll's ...
Registered in 0.001497 seconds.
Begin MonoManager ReloadAssembly
Native extension for WindowsStandalone target not found
Native extension for WebGL target not found
Refreshing native plugins compatible for Editor in 1.18 ms, found 0 plugins.
Preloading 0 native plugins for Editor in 0.00 ms.
Mono: successfully reloaded assembly
- Completed reload, in  2.903 seconds
Platform modules already initialized, skipping
Refreshing native plugins compatible for Editor in 1.50 ms, found 0 plugins.
Preloading 0 native plugins for Editor in 0.00 ms.
Unloading 1112 Unused Serialized files (Serialized files now loaded: 0)
System memory in use before: 61.1 MB.
System memory in use after: 61.1 MB.

Unloading 5 unused Assets to reduce memory usage. Loaded Objects now: 1607.
Total: 11.213700 ms (FindLiveObjects: 0.999600 ms CreateObjectMapping: 0.665100 ms MarkObjects: 9.235000 ms  DeleteObjects: 0.307600 ms)

========================================================================
Received Import Request.
  Time since last request: 84.394750 seconds.
  path: Assets/Spandan/Materials/Ground.mat
  artifactKey: Guid(e33188e2bbcf0334f84d7a34db8e99d0) Importer(815301076,1909f56bfc062723c751e8b465ee728b)
Start importing Assets/Spandan/Materials/Ground.mat using Guid(e33188e2bbcf0334f84d7a34db8e99d0) Importer(815301076,1909f56bfc062723c751e8b465ee728b)  -> (artifact id: '1e920dbe405136c1d5ca0a354809a11e') in 0.453617 seconds
  Import took 0.480460 seconds .

========================================================================
Received Prepare
Registering precompiled user dll's ...
Registered in 0.001404 seconds.
Begin MonoManager ReloadAssembly
Native extension for WindowsStandalone target not found
Native extension for WebGL target not found
Refreshing native plugins compatible for Editor in 0.35 ms, found 0 plugins.
Preloading 0 native plugins for Editor in 0.00 ms.
Mono: successfully reloaded assembly
- Completed reload, in  1.742 seconds
Platform modules already initialized, skipping
Refreshing native plugins compatible for Editor in 0.29 ms, found 0 plugins.
Preloading 0 native plugins for Editor in 0.00 ms.
Unloading 1112 Unused Serialized files (Serialized files now loaded: 0)
System memory in use before: 61.1 MB.
System memory in use after: 61.2 MB.

Unloading 5 unused Assets to reduce memory usage. Loaded Objects now: 1611.
Total: 3.557000 ms (FindLiveObjects: 0.188700 ms CreateObjectMapping: 0.049400 ms MarkObjects: 3.221800 ms  DeleteObjects: 0.095200 ms)

========================================================================
Received Prepare
Registering precompiled user dll's ...
Registered in 0.000955 seconds.
Begin MonoManager ReloadAssembly
Native extension for WindowsStandalone target not found
Native extension for WebGL target not found
Refreshing native plugins compatible for Editor in 0.49 ms, found 0 plugins.
Preloading 0 native plugins for Editor in 0.00 ms.
Mono: successfully reloaded assembly
- Completed reload, in  1.673 seconds
Platform modules already initialized, skipping
Refreshing native plugins compatible for Editor in 0.27 ms, found 0 plugins.
Preloading 0 native plugins for Editor in 0.00 ms.
Unloading 1115 Unused Serialized files (Serialized files now loaded: 0)
System memory in use before: 61.2 MB.
System memory in use after: 61.2 MB.

Unloading 5 unused Assets to reduce memory usage. Loaded Objects now: 1617.
Total: 3.287700 ms (FindLiveObjects: 0.298800 ms CreateObjectMapping: 0.108000 ms MarkObjects: 2.788800 ms  DeleteObjects: 0.089800 ms)

========================================================================
Received Import Request.
  Time since last request: 768.186290 seconds.
  path: Assets/Smit/Scenes/Menu.unity
  artifactKey: Guid(c7e429ffd0272224fb30619caf0d7878) Importer(815301076,1909f56bfc062723c751e8b465ee728b)
Start importing Assets/Smit/Scenes/Menu.unity using Guid(c7e429ffd0272224fb30619caf0d7878) Importer(815301076,1909f56bfc062723c751e8b465ee728b)  -> (artifact id: '9d231909ebdbb7ca00107d7044c6225e') in 0.043634 seconds
  Import took 0.061727 seconds .

========================================================================
Received Import Request.
  Time since last request: 0.006923 seconds.
  path: Assets/Smit/Scenes/Menu.unity
  artifactKey: Guid(c7e429ffd0272224fb30619caf0d7878) Importer(815301076,1909f56bfc062723c751e8b465ee728b)
Start importing Assets/Smit/Scenes/Menu.unity using Guid(c7e429ffd0272224fb30619caf0d7878) Importer(815301076,1909f56bfc062723c751e8b465ee728b)  -> (artifact id: '9d231909ebdbb7ca00107d7044c6225e') in 0.009340 seconds
  Import took 0.015276 seconds .

========================================================================
Received Prepare
Registering precompiled user dll's ...
Registered in 0.001532 seconds.
Begin MonoManager ReloadAssembly
Native extension for WindowsStandalone target not found
Native extension for WebGL target not found
Refreshing native plugins compatible for Editor in 0.40 ms, found 0 plugins.
Preloading 0 native plugins for Editor in 0.00 ms.
Mono: successfully reloaded assembly
- Completed reload, in  1.617 seconds
Platform modules already initialized, skipping
Refreshing native plugins compatible for Editor in 0.52 ms, found 0 plugins.
Preloading 0 native plugins for Editor in 0.00 ms.
Unloading 1128 Unused Serialized files (Serialized files now loaded: 0)
System memory in use before: 63.1 MB.
System memory in use after: 62.6 MB.

Unloading 18 unused Assets to reduce memory usage. Loaded Objects now: 1620.
Total: 3.965000 ms (FindLiveObjects: 0.246400 ms CreateObjectMapping: 0.058500 ms MarkObjects: 2.933700 ms  DeleteObjects: 0.724400 ms)

========================================================================
Received Prepare
Registering precompiled user dll's ...
Registered in 0.000957 seconds.
Begin MonoManager ReloadAssembly
Native extension for WindowsStandalone target not found
Native extension for WebGL target not found
Refreshing native plugins compatible for Editor in 0.38 ms, found 0 plugins.
Preloading 0 native plugins for Editor in 0.00 ms.
Mono: successfully reloaded assembly
- Completed reload, in  1.698 seconds
Platform modules already initialized, skipping
Refreshing native plugins compatible for Editor in 0.38 ms, found 0 plugins.
Preloading 0 native plugins for Editor in 0.00 ms.
Unloading 1128 Unused Serialized files (Serialized files now loaded: 0)
System memory in use before: 63.1 MB.
System memory in use after: 62.6 MB.

Unloading 18 unused Assets to reduce memory usage. Loaded Objects now: 1623.
Total: 3.647600 ms (FindLiveObjects: 0.266100 ms CreateObjectMapping: 0.071400 ms MarkObjects: 2.835900 ms  DeleteObjects: 0.472200 ms)

========================================================================
Received Import Request.
  Time since last request: 160.738189 seconds.
  path: Assets/Spandan/Scenes
  artifactKey: Guid(6a592e7a9fceea24199e6e536ac980cd) Importer(815301076,1909f56bfc062723c751e8b465ee728b)
Start importing Assets/Spandan/Scenes using Guid(6a592e7a9fceea24199e6e536ac980cd) Importer(815301076,1909f56bfc062723c751e8b465ee728b)  -> (artifact id: '384c5b2d86b4f9545418adaa360e795b') in 0.012392 seconds
  Import took 0.067746 seconds .

========================================================================
Received Import Request.
  Time since last request: 1.314509 seconds.
  path: Assets/Spandan/Scenes/Level1.unity
  artifactKey: Guid(9fc0d4010bbf28b4594072e72b8655ab) Importer(815301076,1909f56bfc062723c751e8b465ee728b)
Start importing Assets/Spandan/Scenes/Level1.unity using Guid(9fc0d4010bbf28b4594072e72b8655ab) Importer(815301076,1909f56bfc062723c751e8b465ee728b)  -> (artifact id: 'e6d91b6afddf9601356a2b2de71c2295') in 0.021299 seconds
  Import took 0.033324 seconds .

========================================================================
Received Import Request.
  Time since last request: 0.011177 seconds.
  path: Assets/Spandan/Scenes/Level1.unity
  artifactKey: Guid(9fc0d4010bbf28b4594072e72b8655ab) Importer(815301076,1909f56bfc062723c751e8b465ee728b)
Start importing Assets/Spandan/Scenes/Level1.unity using Guid(9fc0d4010bbf28b4594072e72b8655ab) Importer(815301076,1909f56bfc062723c751e8b465ee728b)  -> (artifact id: 'e6d91b6afddf9601356a2b2de71c2295') in 0.006467 seconds
  Import took 0.013239 seconds .

========================================================================
Received Import Request.
  Time since last request: 44.140161 seconds.
  path: Assets/Smit/Scenes/Menu.unity
  artifactKey: Guid(c7e429ffd0272224fb30619caf0d7878) Importer(815301076,1909f56bfc062723c751e8b465ee728b)
Start importing Assets/Smit/Scenes/Menu.unity using Guid(c7e429ffd0272224fb30619caf0d7878) Importer(815301076,1909f56bfc062723c751e8b465ee728b)  -> (artifact id: '3f86297f57f7f14518324939548485c0') in 0.008025 seconds
  Import took 0.014051 seconds .

========================================================================
Received Prepare
Registering precompiled user dll's ...
Registered in 0.001012 seconds.
Begin MonoManager ReloadAssembly
Native extension for WindowsStandalone target not found
Native extension for WebGL target not found
Refreshing native plugins compatible for Editor in 0.43 ms, found 0 plugins.
Preloading 0 native plugins for Editor in 0.00 ms.
Mono: successfully reloaded assembly
- Completed reload, in  2.237 seconds
Platform modules already initialized, skipping
Refreshing native plugins compatible for Editor in 0.59 ms, found 0 plugins.
Preloading 0 native plugins for Editor in 0.00 ms.
Unloading 1128 Unused Serialized files (Serialized files now loaded: 0)
System memory in use before: 63.2 MB.
System memory in use after: 62.6 MB.

Unloading 18 unused Assets to reduce memory usage. Loaded Objects now: 1626.
Total: 6.735400 ms (FindLiveObjects: 0.529400 ms CreateObjectMapping: 0.121900 ms MarkObjects: 4.807400 ms  DeleteObjects: 1.273100 ms)

========================================================================
Received Prepare
Registering precompiled user dll's ...
Registered in 0.000955 seconds.
Begin MonoManager ReloadAssembly
Native extension for WindowsStandalone target not found
Native extension for WebGL target not found
Refreshing native plugins compatible for Editor in 0.44 ms, found 0 plugins.
Preloading 0 native plugins for Editor in 0.00 ms.
Mono: successfully reloaded assembly
- Completed reload, in  1.648 seconds
Platform modules already initialized, skipping
Refreshing native plugins compatible for Editor in 0.26 ms, found 0 plugins.
Preloading 0 native plugins for Editor in 0.00 ms.
Unloading 1128 Unused Serialized files (Serialized files now loaded: 0)
System memory in use before: 63.2 MB.
System memory in use after: 62.6 MB.

Unloading 18 unused Assets to reduce memory usage. Loaded Objects now: 1629.
Total: 3.617700 ms (FindLiveObjects: 0.250500 ms CreateObjectMapping: 0.053000 ms MarkObjects: 2.844000 ms  DeleteObjects: 0.468500 ms)

========================================================================
Received Prepare
Registering precompiled user dll's ...
Registered in 0.001533 seconds.
Begin MonoManager ReloadAssembly
Native extension for WindowsStandalone target not found
Native extension for WebGL target not found
Refreshing native plugins compatible for Editor in 0.32 ms, found 0 plugins.
Preloading 0 native plugins for Editor in 0.00 ms.
Mono: successfully reloaded assembly
- Completed reload, in  1.663 seconds
Platform modules already initialized, skipping
Refreshing native plugins compatible for Editor in 0.27 ms, found 0 plugins.
Preloading 0 native plugins for Editor in 0.00 ms.
Unloading 1128 Unused Serialized files (Serialized files now loaded: 0)
System memory in use before: 63.2 MB.
System memory in use after: 62.6 MB.

Unloading 18 unused Assets to reduce memory usage. Loaded Objects now: 1632.
Total: 4.109100 ms (FindLiveObjects: 0.225500 ms CreateObjectMapping: 0.056800 ms MarkObjects: 3.102500 ms  DeleteObjects: 0.721900 ms)

========================================================================
Received Prepare
Registering precompiled user dll's ...
Registered in 0.001464 seconds.
Begin MonoManager ReloadAssembly
Native extension for WindowsStandalone target not found
Native extension for WebGL target not found
Refreshing native plugins compatible for Editor in 0.38 ms, found 0 plugins.
Preloading 0 native plugins for Editor in 0.00 ms.
Mono: successfully reloaded assembly
- Completed reload, in  1.536 seconds
Platform modules already initialized, skipping
Refreshing native plugins compatible for Editor in 0.46 ms, found 0 plugins.
Preloading 0 native plugins for Editor in 0.00 ms.
Unloading 1128 Unused Serialized files (Serialized files now loaded: 0)
System memory in use before: 63.2 MB.
System memory in use after: 62.6 MB.

Unloading 18 unused Assets to reduce memory usage. Loaded Objects now: 1635.
Total: 3.086700 ms (FindLiveObjects: 0.240700 ms CreateObjectMapping: 0.059200 ms MarkObjects: 2.298300 ms  DeleteObjects: 0.486400 ms)

========================================================================
Received Prepare
Registering precompiled user dll's ...
Registered in 0.001515 seconds.
Begin MonoManager ReloadAssembly
Native extension for WindowsStandalone target not found
Native extension for WebGL target not found
Refreshing native plugins compatible for Editor in 0.38 ms, found 0 plugins.
Preloading 0 native plugins for Editor in 0.00 ms.
Mono: successfully reloaded assembly
- Completed reload, in  1.620 seconds
Platform modules already initialized, skipping
Refreshing native plugins compatible for Editor in 0.27 ms, found 0 plugins.
Preloading 0 native plugins for Editor in 0.00 ms.
Unloading 1128 Unused Serialized files (Serialized files now loaded: 0)
System memory in use before: 63.2 MB.
System memory in use after: 62.6 MB.

Unloading 18 unused Assets to reduce memory usage. Loaded Objects now: 1638.
Total: 3.767900 ms (FindLiveObjects: 0.356300 ms CreateObjectMapping: 0.060500 ms MarkObjects: 2.895700 ms  DeleteObjects: 0.453500 ms)

========================================================================
Received Prepare
Registering precompiled user dll's ...
Registered in 0.001484 seconds.
Begin MonoManager ReloadAssembly
Native extension for WindowsStandalone target not found
Native extension for WebGL target not found
Refreshing native plugins compatible for Editor in 0.38 ms, found 0 plugins.
Preloading 0 native plugins for Editor in 0.00 ms.
Mono: successfully reloaded assembly
- Completed reload, in  1.681 seconds
Platform modules already initialized, skipping
Refreshing native plugins compatible for Editor in 0.38 ms, found 0 plugins.
Preloading 0 native plugins for Editor in 0.00 ms.
Unloading 1128 Unused Serialized files (Serialized files now loaded: 0)
System memory in use before: 63.2 MB.
System memory in use after: 62.6 MB.

Unloading 18 unused Assets to reduce memory usage. Loaded Objects now: 1641.
Total: 3.222200 ms (FindLiveObjects: 0.238100 ms CreateObjectMapping: 0.062000 ms MarkObjects: 2.366400 ms  DeleteObjects: 0.553400 ms)

AssetImportWorkerClient::OnTransportError - code=2 error=End of file
